<?xml version="1.0" encoding="UTF-8"?>
<testng-results skipped="0" failed="0" ignored="0" total="2" passed="2">
  <reporter-output>
  </reporter-output>
  <suite name="Default suite" duration-ms="24350" started-at="2022-11-30T17:24:36 CST" finished-at="2022-11-30T17:25:00 CST">
    <groups>
    </groups>
    <test name="Default test" duration-ms="24350" started-at="2022-11-30T17:24:36 CST" finished-at="2022-11-30T17:25:00 CST">
      <class name="variousConcepts.LearnTestNG">
        <test-method status="PASS" signature="readConfig()[pri:0, instance:variousConcepts.LearnTestNG@5bb21b69]" name="readConfig" is-config="true" duration-ms="9" started-at="2022-11-30T17:24:36 CST" finished-at="2022-11-30T17:24:36 CST">
          <reporter-output>
          </reporter-output>
        </test-method> <!-- readConfig -->
        <test-method status="PASS" signature="init()[pri:0, instance:variousConcepts.LearnTestNG@5bb21b69]" name="init" is-config="true" duration-ms="6845" started-at="2022-11-30T17:24:36 CST" finished-at="2022-11-30T17:24:43 CST">
          <reporter-output>
          </reporter-output>
        </test-method> <!-- init -->
        <test-method status="PASS" signature="logCustomer()[pri:0, instance:variousConcepts.LearnTestNG@5bb21b69]" name="logCustomer" duration-ms="7287" started-at="2022-11-30T17:24:43 CST" finished-at="2022-11-30T17:24:50 CST">
          <reporter-output>
          </reporter-output>
        </test-method> <!-- logCustomer -->
        <test-method status="PASS" signature="tearDown()[pri:0, instance:variousConcepts.LearnTestNG@5bb21b69]" name="tearDown" is-config="true" duration-ms="866" started-at="2022-11-30T17:24:50 CST" finished-at="2022-11-30T17:24:51 CST">
          <reporter-output>
          </reporter-output>
        </test-method> <!-- tearDown -->
        <test-method status="PASS" signature="init()[pri:0, instance:variousConcepts.LearnTestNG@5bb21b69]" name="init" is-config="true" duration-ms="6335" started-at="2022-11-30T17:24:51 CST" finished-at="2022-11-30T17:24:57 CST">
          <reporter-output>
          </reporter-output>
        </test-method> <!-- init -->
        <test-method status="PASS" signature="loginTest()[pri:0, instance:variousConcepts.LearnTestNG@5bb21b69]" name="loginTest" duration-ms="1474" started-at="2022-11-30T17:24:57 CST" finished-at="2022-11-30T17:24:59 CST">
          <reporter-output>
          </reporter-output>
        </test-method> <!-- loginTest -->
        <test-method status="PASS" signature="tearDown()[pri:0, instance:variousConcepts.LearnTestNG@5bb21b69]" name="tearDown" is-config="true" duration-ms="1487" started-at="2022-11-30T17:24:59 CST" finished-at="2022-11-30T17:25:00 CST">
          <reporter-output>
          </reporter-output>
        </test-method> <!-- tearDown -->
      </class> <!-- variousConcepts.LearnTestNG -->
    </test> <!-- Default test -->
  </suite> <!-- Default suite -->
</testng-results>
